ERROR: Failed to connect to the database.
ERROR: Data export failed due to missing permissions.
ERROR: Unable to locate configuration file.
ERROR: Insufficient memory for operation.
ERROR: Network timeout while fetching data.
ERROR: Unable to write to log file.
ERROR: Access denied while accessing resource.
ERROR: User session expired unexpectedly.
ERROR: Failed to save user preferences.
ERROR: Device disconnected abruptly.
ERROR: Invalid data format encountered.
ERROR: Service unavailable.
ERROR: Failed to read from sensor.
ERROR: License expired.
ERROR: Operation aborted by the user.
ERROR: Failed to connect to the database.
ERROR: Data export failed due to missing permissions.
ERROR: Failed to read from sensor.
ERROR: Insufficient memory for operation.
ERROR: User session expired unexpectedly.
ERROR: Invalid data format encountered.
ERROR: Device disconnected abruptly.
ERROR: Operation aborted by the user.
ERROR: Unable to write to log file.
ERROR: Network timeout while fetching data.
ERROR: Service unavailable.
ERROR: Failed to save user preferences.
ERROR: Access denied while accessing resource.
ERROR: License expired.
ERROR: Unable to locate configuration file.
ERROR: Unable to locate configuration file.
ERROR: Invalid data format encountered.
ERROR: User session expired unexpectedly.
ERROR: Failed to connect to the database.
ERROR: Insufficient memory for operation.
ERROR: Data export failed due to missing permissions.
ERROR: Unable to write to log file.
ERROR: License expired.
ERROR: Device disconnected abruptly.
ERROR: Service unavailable.
ERROR: Failed to save user preferences.
ERROR: Failed to read from sensor.
ERROR: Access denied while accessing resource.
ERROR: Network timeout while fetching data.
ERROR: Operation aborted by the user.
ERROR: Network timeout while fetching data.
ERROR: Failed to save user preferences.
ERROR: Data export failed due to missing permissions.
ERROR: User session expired unexpectedly.
ERROR: Insufficient memory for operation.
ERROR: Access denied while accessing resource.
ERROR: Device disconnected abruptly.
ERROR: Unable to write to log file.
ERROR: Failed to connect to the database.
ERROR: Service unavailable.
ERROR: License expired.
ERROR: Unable to locate configuration file.
ERROR: Operation aborted by the user.
ERROR: Failed to read from sensor.
ERROR: Invalid data format encountered.
