WARNING: Disk usage at 85%.
WARNING: Memory usage at 75%.
WARNING: Disk usage at 88%.
WARNING: High CPU usage detected.
WARNING: Unusual activity detected.
WARNING: Low battery detected.
WARNING: Storage capacity at 90%.
WARNING: Temperature threshold exceeded.
WARNING: High network latency detected.
WARNING: Power supply unstable.
WARNING: High CPU usage detected.
WARNING: Memory usage at 75%.
WARNING: High network latency detected.
WARNING: Disk usage at 88%.
WARNING: Low battery detected.
WARNING: Storage capacity at 90%.
WARNING: Disk usage at 85%.
WARNING: Temperature threshold exceeded.
WARNING: Unusual activity detected.
WARNING: Power supply unstable.
WARNING: Low battery detected.
WARNING: Memory usage at 75%.
WARNING: Temperature threshold exceeded.
WARNING: Disk usage at 88%.
WARNING: Storage capacity at 90%.
WARNING: High CPU usage detected.
WARNING: Unusual activity detected.
WARNING: Disk usage at 85%.
WARNING: Power supply unstable.
WARNING: High network latency detected.
WARNING: Memory usage at 75%.
WARNING: Unusual activity detected.
WARNING: High CPU usage detected.
WARNING: Disk usage at 88%.
WARNING: Low battery detected.
WARNING: Temperature threshold exceeded.
WARNING: Storage capacity at 90%.
WARNING: High network latency detected.
WARNING: Power supply unstable.
WARNING: Disk usage at 85%.
