INFO: User logged in successfully.
INFO: Scheduled maintenance will occur at 2:00 AM.
INFO: System initialized successfully.
INFO: User requested data export.
INFO: Scheduled task executed.
INFO: System update available.
INFO: Data import completed.
INFO: Temporary files cleaned.
INFO: Background task started.
INFO: Cache cleared.
INFO: Firmware update applied.
INFO: Log rotation complete.
INFO: User logged out.
INFO: Database connection closed.
INFO: Background job completed.
INFO: Backup completed.
INFO: System shutdown initiated.
INFO: Data import started.
INFO: Service restarted successfully.
INFO: New user registered.
INFO: File processed successfully.
INFO: Report generated successfully.
INFO: Reconnected to the database.
INFO: Data backup started.
INFO: User changed password.
